# JRE version: Java(TM) SE Runtime Environment (8.0_401) (build 1.8.0_401-b10)
# Java VM: Java HotSpot(TM) 64-Bit Server VM (25.401-b10 mixed mode windows-amd64 compressed oops)
Heap:
 PSYoungGen      total 141312K, used 96260K [0x00000000f5580000, 0x00000000ff500000, 0x0000000100000000)
  eden space 136704K, 67% used [0x00000000f5580000,0x00000000faf2cee0,0x00000000fdb00000)
  from space 4608K, 96% used [0x00000000fdb00000,0x00000000fdf54370,0x00000000fdf80000)
  to   space 13312K, 0% used [0x00000000fe800000,0x00000000fe800000,0x00000000ff500000)
 ParOldGen       total 304640K, used 48K [0x00000000e0000000, 0x00000000f2980000, 0x00000000f5580000)
  object space 304640K, 0% used [0x00000000e0000000,0x00000000e000c000,0x00000000f2980000)
 Metaspace       used 10623K, capacity 10804K, committed 11008K, reserved 1058816K
  class space    used 1177K, capacity 1257K, committed 1280K, reserved 1048576K
GC Heap History (10 events):
Event: 2.736 GC heap before
{Heap before GC invocations=1 (full 0):
 PSYoungGen      total 133120K, used 114176K [0x00000000f5580000, 0x00000000fea00000, 0x0000000100000000)
  eden space 114176K, 100% used [0x00000000f5580000,0x00000000fc500000,0x00000000fc500000)
  from space 18944K, 0% used [0x00000000fd780000,0x00000000fd780000,0x00000000fea00000)
  to   space 18944K, 0% used [0x00000000fc500000,0x00000000fc500000,0x00000000fd780000)
 ParOldGen       total 304640K, used 0K [0x00000000e0000000, 0x00000000f2980000, 0x00000000f5580000)
  object space 304640K, 0% used [0x00000000e0000000,0x00000000e0000000,0x00000000f2980000)
 Metaspace       used 6280K, capacity 6440K, committed 6656K, reserved 1056768K
  class space    used 710K, capacity 760K, committed 768K, reserved 1048576K
Event: 2.756 GC heap after
Heap after GC invocations=1 (full 0):
 PSYoungGen      total 133120K, used 2389K [0x00000000f5580000, 0x00000000fea00000, 0x0000000100000000)
  eden space 114176K, 0% used [0x00000000f5580000,0x00000000f5580000,0x00000000fc500000)
  from space 18944K, 12% used [0x00000000fc500000,0x00000000fc755558,0x00000000fd780000)
  to   space 18944K, 0% used [0x00000000fd780000,0x00000000fd780000,0x00000000fea00000)
 ParOldGen       total 304640K, used 8K [0x00000000e0000000, 0x00000000f2980000, 0x00000000f5580000)
  object space 304640K, 0% used [0x00000000e0000000,0x00000000e0002000,0x00000000f2980000)
 Metaspace       used 6280K, capacity 6440K, committed 6656K, reserved 1056768K
  class space    used 710K, capacity 760K, committed 768K, reserved 1048576K
}
Event: 2.995 GC heap before
{Heap before GC invocations=2 (full 0):
 PSYoungGen      total 133120K, used 116565K [0x00000000f5580000, 0x00000000fea00000, 0x0000000100000000)
  eden space 114176K, 100% used [0x00000000f5580000,0x00000000fc500000,0x00000000fc500000)
  from space 18944K, 12% used [0x00000000fc500000,0x00000000fc755558,0x00000000fd780000)
  to   space 18944K, 0% used [0x00000000fd780000,0x00000000fd780000,0x00000000fea00000)
 ParOldGen       total 304640K, used 8K [0x00000000e0000000, 0x00000000f2980000, 0x00000000f5580000)
  object space 304640K, 0% used [0x00000000e0000000,0x00000000e0002000,0x00000000f2980000)
 Metaspace       used 6438K, capacity 6568K, committed 6656K, reserved 1056768K
  class space    used 723K, capacity 760K, committed 768K, reserved 1048576K
Event: 3.063 GC heap after
Heap after GC invocations=2 (full 0):
 PSYoungGen      total 133120K, used 4792K [0x00000000f5580000, 0x0000000100000000, 0x0000000100000000)
  eden space 114176K, 0% used [0x00000000f5580000,0x00000000f5580000,0x00000000fc500000)
  from space 18944K, 25% used [0x00000000fd780000,0x00000000fdc2e1e0,0x00000000fea00000)
  to   space 18944K, 0% used [0x00000000fc500000,0x00000000fc500000,0x00000000fd780000)
 ParOldGen       total 304640K, used 16K [0x00000000e0000000, 0x00000000f2980000, 0x00000000f5580000)
  object space 304640K, 0% used [0x00000000e0000000,0x00000000e0004000,0x00000000f2980000)
 Metaspace       used 6438K, capacity 6568K, committed 6656K, reserved 1056768K
  class space    used 723K, capacity 760K, committed 768K, reserved 1048576K
}
Event: 6.709 GC heap before
{Heap before GC invocations=3 (full 0):
 PSYoungGen      total 133120K, used 118968K [0x00000000f5580000, 0x0000000100000000, 0x0000000100000000)
  eden space 114176K, 100% used [0x00000000f5580000,0x00000000fc500000,0x00000000fc500000)
  from space 18944K, 25% used [0x00000000fd780000,0x00000000fdc2e1e0,0x00000000fea00000)
  to   space 18944K, 0% used [0x00000000fc500000,0x00000000fc500000,0x00000000fd780000)
 ParOldGen       total 304640K, used 16K [0x00000000e0000000, 0x00000000f2980000, 0x00000000f5580000)
  object space 304640K, 0% used [0x00000000e0000000,0x00000000e0004000,0x00000000f2980000)
 Metaspace       used 10592K, capacity 10804K, committed 11008K, reserved 1058816K
  class space    used 1176K, capacity 1257K, committed 1280K, reserved 1048576K
Event: 6.768 GC heap after
Heap after GC invocations=3 (full 0):
 PSYoungGen      total 133120K, used 14011K [0x00000000f5580000, 0x0000000100000000, 0x0000000100000000)
  eden space 114176K, 0% used [0x00000000f5580000,0x00000000f5580000,0x00000000fc500000)
  from space 18944K, 73% used [0x00000000fc500000,0x00000000fd2aefc8,0x00000000fd780000)
  to   space 18944K, 0% used [0x00000000fed80000,0x00000000fed80000,0x0000000100000000)
 ParOldGen       total 304640K, used 32K [0x00000000e0000000, 0x00000000f2980000, 0x00000000f5580000)
  object space 304640K, 0% used [0x00000000e0000000,0x00000000e0008000,0x00000000f2980000)
 Metaspace       used 10592K, capacity 10804K, committed 11008K, reserved 1058816K
  class space    used 1176K, capacity 1257K, committed 1280K, reserved 1048576K
}
Event: 16.228 GC heap before
{Heap before GC invocations=4 (full 0):
 PSYoungGen      total 133120K, used 128187K [0x00000000f5580000, 0x0000000100000000, 0x0000000100000000)
  eden space 114176K, 100% used [0x00000000f5580000,0x00000000fc500000,0x00000000fc500000)
  from space 18944K, 73% used [0x00000000fc500000,0x00000000fd2aefc8,0x00000000fd780000)
  to   space 18944K, 0% used [0x00000000fed80000,0x00000000fed80000,0x0000000100000000)
 ParOldGen       total 304640K, used 32K [0x00000000e0000000, 0x00000000f2980000, 0x00000000f5580000)
  object space 304640K, 0% used [0x00000000e0000000,0x00000000e0008000,0x00000000f2980000)
 Metaspace       used 10616K, capacity 10804K, committed 11008K, reserved 1058816K
  class space    used 1177K, capacity 1257K, committed 1280K, reserved 1048576K
Event: 16.231 GC heap after
Heap after GC invocations=4 (full 0):
 PSYoungGen      total 155648K, used 3312K [0x00000000f5580000, 0x0000000100000000, 0x0000000100000000)
  eden space 136704K, 0% used [0x00000000f5580000,0x00000000f5580000,0x00000000fdb00000)
  from space 18944K, 17% used [0x00000000fed80000,0x00000000ff0bc010,0x0000000100000000)
  to   space 18944K, 0% used [0x00000000fdb00000,0x00000000fdb00000,0x00000000fed80000)
 ParOldGen       total 304640K, used 40K [0x00000000e0000000, 0x00000000f2980000, 0x00000000f5580000)
  object space 304640K, 0% used [0x00000000e0000000,0x00000000e000a000,0x00000000f2980000)
 Metaspace       used 10616K, capacity 10804K, committed 11008K, reserved 1058816K
  class space    used 1177K, capacity 1257K, committed 1280K, reserved 1048576K
}
Event: 16.310 GC heap before
{Heap before GC invocations=5 (full 0):
 PSYoungGen      total 155648K, used 140016K [0x00000000f5580000, 0x0000000100000000, 0x0000000100000000)
  eden space 136704K, 100% used [0x00000000f5580000,0x00000000fdb00000,0x00000000fdb00000)
  from space 18944K, 17% used [0x00000000fed80000,0x00000000ff0bc010,0x0000000100000000)
  to   space 18944K, 0% used [0x00000000fdb00000,0x00000000fdb00000,0x00000000fed80000)
 ParOldGen       total 304640K, used 40K [0x00000000e0000000, 0x00000000f2980000, 0x00000000f5580000)
  object space 304640K, 0% used [0x00000000e0000000,0x00000000e000a000,0x00000000f2980000)
 Metaspace       used 10616K, capacity 10804K, committed 11008K, reserved 1058816K
  class space    used 1177K, capacity 1257K, committed 1280K, reserved 1048576K
Event: 16.314 GC heap after
Heap after GC invocations=5 (full 0):
 PSYoungGen      total 141312K, used 4432K [0x00000000f5580000, 0x00000000ff500000, 0x0000000100000000)
  eden space 136704K, 0% used [0x00000000f5580000,0x00000000f5580000,0x00000000fdb00000)
  from space 4608K, 96% used [0x00000000fdb00000,0x00000000fdf54370,0x00000000fdf80000)
  to   space 13312K, 0% used [0x00000000fe800000,0x00000000fe800000,0x00000000ff500000)
 ParOldGen       total 304640K, used 48K [0x00000000e0000000, 0x00000000f2980000, 0x00000000f5580000)
  object space 304640K, 0% used [0x00000000e0000000,0x00000000e000c000,0x00000000f2980000)
 Metaspace       used 10616K, capacity 10804K, committed 11008K, reserved 1058816K
  class space    used 1177K, capacity 1257K, committed 1280K, reserved 1048576K
}

