# JRE version: Java(TM) SE Runtime Environment (8.0_401) (build 1.8.0_401-b10)
# Java VM: Java HotSpot(TM) 64-Bit Server VM (25.401-b10 mixed mode windows-amd64 compressed oops)
Heap:
 PSYoungGen      total 145408K, used 6772K [0x00000000f5580000, 0x00000000fff00000, 0x0000000100000000)
  eden space 118272K, 3% used [0x00000000f5580000,0x00000000f5a12e68,0x00000000fc900000)
  from space 27136K, 7% used [0x00000000fe480000,0x00000000fe68a4f0,0x00000000fff00000)
  to   space 27648K, 0% used [0x00000000fc900000,0x00000000fc900000,0x00000000fe400000)
 ParOldGen       total 304640K, used 6767K [0x00000000e0000000, 0x00000000f2980000, 0x00000000f5580000)
  object space 304640K, 2% used [0x00000000e0000000,0x00000000e069bce8,0x00000000f2980000)
 Metaspace       used 10649K, capacity 10868K, committed 11008K, reserved 1058816K
  class space    used 1178K, capacity 1257K, committed 1280K, reserved 1048576K
GC Heap History (10 events):
Event: 2.201 GC heap before
{Heap before GC invocations=2 (full 0):
 PSYoungGen      total 133120K, used 116641K [0x00000000f5580000, 0x00000000fea00000, 0x0000000100000000)
  eden space 114176K, 100% used [0x00000000f5580000,0x00000000fc500000,0x00000000fc500000)
  from space 18944K, 13% used [0x00000000fc500000,0x00000000fc7685c0,0x00000000fd780000)
  to   space 18944K, 0% used [0x00000000fd780000,0x00000000fd780000,0x00000000fea00000)
 ParOldGen       total 304640K, used 8K [0x00000000e0000000, 0x00000000f2980000, 0x00000000f5580000)
  object space 304640K, 0% used [0x00000000e0000000,0x00000000e0002000,0x00000000f2980000)
 Metaspace       used 6304K, capacity 6440K, committed 6656K, reserved 1056768K
  class space    used 710K, capacity 760K, committed 768K, reserved 1048576K
Event: 2.205 GC heap after
Heap after GC invocations=2 (full 0):
 PSYoungGen      total 133120K, used 3661K [0x00000000f5580000, 0x0000000100000000, 0x0000000100000000)
  eden space 114176K, 0% used [0x00000000f5580000,0x00000000f5580000,0x00000000fc500000)
  from space 18944K, 19% used [0x00000000fd780000,0x00000000fdb13770,0x00000000fea00000)
  to   space 18944K, 0% used [0x00000000fc500000,0x00000000fc500000,0x00000000fd780000)
 ParOldGen       total 304640K, used 16K [0x00000000e0000000, 0x00000000f2980000, 0x00000000f5580000)
  object space 304640K, 0% used [0x00000000e0000000,0x00000000e0004000,0x00000000f2980000)
 Metaspace       used 6304K, capacity 6440K, committed 6656K, reserved 1056768K
  class space    used 710K, capacity 760K, committed 768K, reserved 1048576K
}
Event: 2.285 GC heap before
{Heap before GC invocations=3 (full 0):
 PSYoungGen      total 133120K, used 117837K [0x00000000f5580000, 0x0000000100000000, 0x0000000100000000)
  eden space 114176K, 100% used [0x00000000f5580000,0x00000000fc500000,0x00000000fc500000)
  from space 18944K, 19% used [0x00000000fd780000,0x00000000fdb13770,0x00000000fea00000)
  to   space 18944K, 0% used [0x00000000fc500000,0x00000000fc500000,0x00000000fd780000)
 ParOldGen       total 304640K, used 16K [0x00000000e0000000, 0x00000000f2980000, 0x00000000f5580000)
  object space 304640K, 0% used [0x00000000e0000000,0x00000000e0004000,0x00000000f2980000)
 Metaspace       used 6304K, capacity 6440K, committed 6656K, reserved 1056768K
  class space    used 710K, capacity 760K, committed 768K, reserved 1048576K
Event: 2.289 GC heap after
Heap after GC invocations=3 (full 0):
 PSYoungGen      total 133120K, used 5060K [0x00000000f5580000, 0x0000000100000000, 0x0000000100000000)
  eden space 114176K, 0% used [0x00000000f5580000,0x00000000f5580000,0x00000000fc500000)
  from space 18944K, 26% used [0x00000000fc500000,0x00000000fc9f1300,0x00000000fd780000)
  to   space 18944K, 0% used [0x00000000fed80000,0x00000000fed80000,0x0000000100000000)
 ParOldGen       total 304640K, used 16K [0x00000000e0000000, 0x00000000f2980000, 0x00000000f5580000)
  object space 304640K, 0% used [0x00000000e0000000,0x00000000e0004000,0x00000000f2980000)
 Metaspace       used 6304K, capacity 6440K, committed 6656K, reserved 1056768K
  class space    used 710K, capacity 760K, committed 768K, reserved 1048576K
}
Event: 4.436 GC heap before
{Heap before GC invocations=4 (full 0):
 PSYoungGen      total 133120K, used 119236K [0x00000000f5580000, 0x0000000100000000, 0x0000000100000000)
  eden space 114176K, 100% used [0x00000000f5580000,0x00000000fc500000,0x00000000fc500000)
  from space 18944K, 26% used [0x00000000fc500000,0x00000000fc9f1300,0x00000000fd780000)
  to   space 18944K, 0% used [0x00000000fed80000,0x00000000fed80000,0x0000000100000000)
 ParOldGen       total 304640K, used 16K [0x00000000e0000000, 0x00000000f2980000, 0x00000000f5580000)
  object space 304640K, 0% used [0x00000000e0000000,0x00000000e0004000,0x00000000f2980000)
 Metaspace       used 10613K, capacity 10868K, committed 11008K, reserved 1058816K
  class space    used 1176K, capacity 1257K, committed 1280K, reserved 1048576K
Event: 4.458 GC heap after
Heap after GC invocations=4 (full 0):
 PSYoungGen      total 155648K, used 18937K [0x00000000f5580000, 0x0000000100000000, 0x0000000100000000)
  eden space 136704K, 0% used [0x00000000f5580000,0x00000000f5580000,0x00000000fdb00000)
  from space 18944K, 99% used [0x00000000fed80000,0x00000000ffffe7c0,0x0000000100000000)
  to   space 18944K, 0% used [0x00000000fdb00000,0x00000000fdb00000,0x00000000fed80000)
 ParOldGen       total 304640K, used 4121K [0x00000000e0000000, 0x00000000f2980000, 0x00000000f5580000)
  object space 304640K, 1% used [0x00000000e0000000,0x00000000e04065f8,0x00000000f2980000)
 Metaspace       used 10613K, capacity 10868K, committed 11008K, reserved 1058816K
  class space    used 1176K, capacity 1257K, committed 1280K, reserved 1048576K
}
Event: 5.013 GC heap before
{Heap before GC invocations=5 (full 0):
 PSYoungGen      total 155648K, used 155641K [0x00000000f5580000, 0x0000000100000000, 0x0000000100000000)
  eden space 136704K, 100% used [0x00000000f5580000,0x00000000fdb00000,0x00000000fdb00000)
  from space 18944K, 99% used [0x00000000fed80000,0x00000000ffffe7c0,0x0000000100000000)
  to   space 18944K, 0% used [0x00000000fdb00000,0x00000000fdb00000,0x00000000fed80000)
 ParOldGen       total 304640K, used 4121K [0x00000000e0000000, 0x00000000f2980000, 0x00000000f5580000)
  object space 304640K, 1% used [0x00000000e0000000,0x00000000e04065f8,0x00000000f2980000)
 Metaspace       used 10632K, capacity 10868K, committed 11008K, reserved 1058816K
  class space    used 1177K, capacity 1257K, committed 1280K, reserved 1048576K
Event: 5.018 GC heap after
Heap after GC invocations=5 (full 0):
 PSYoungGen      total 155648K, used 18938K [0x00000000f5580000, 0x0000000100000000, 0x0000000100000000)
  eden space 136704K, 0% used [0x00000000f5580000,0x00000000f5580000,0x00000000fdb00000)
  from space 18944K, 99% used [0x00000000fdb00000,0x00000000fed7e858,0x00000000fed80000)
  to   space 18944K, 0% used [0x00000000fed80000,0x00000000fed80000,0x0000000100000000)
 ParOldGen       total 304640K, used 4361K [0x00000000e0000000, 0x00000000f2980000, 0x00000000f5580000)
  object space 304640K, 1% used [0x00000000e0000000,0x00000000e04425f8,0x00000000f2980000)
 Metaspace       used 10632K, capacity 10868K, committed 11008K, reserved 1058816K
  class space    used 1177K, capacity 1257K, committed 1280K, reserved 1048576K
}
Event: 5.282 GC heap before
{Heap before GC invocations=6 (full 0):
 PSYoungGen      total 155648K, used 155642K [0x00000000f5580000, 0x0000000100000000, 0x0000000100000000)
  eden space 136704K, 100% used [0x00000000f5580000,0x00000000fdb00000,0x00000000fdb00000)
  from space 18944K, 99% used [0x00000000fdb00000,0x00000000fed7e858,0x00000000fed80000)
  to   space 18944K, 0% used [0x00000000fed80000,0x00000000fed80000,0x0000000100000000)
 ParOldGen       total 304640K, used 4361K [0x00000000e0000000, 0x00000000f2980000, 0x00000000f5580000)
  object space 304640K, 1% used [0x00000000e0000000,0x00000000e04425f8,0x00000000f2980000)
 Metaspace       used 10632K, capacity 10868K, committed 11008K, reserved 1058816K
  class space    used 1177K, capacity 1257K, committed 1280K, reserved 1048576K
Event: 5.286 GC heap after
Heap after GC invocations=6 (full 0):
 PSYoungGen      total 137216K, used 18924K [0x00000000f5580000, 0x0000000100000000, 0x0000000100000000)
  eden space 118272K, 0% used [0x00000000f5580000,0x00000000f5580000,0x00000000fc900000)
  from space 18944K, 99% used [0x00000000fed80000,0x00000000ffffb3c0,0x0000000100000000)
  to   space 28160K, 0% used [0x00000000fc900000,0x00000000fc900000,0x00000000fe480000)
 ParOldGen       total 304640K, used 4425K [0x00000000e0000000, 0x00000000f2980000, 0x00000000f5580000)
  object space 304640K, 1% used [0x00000000e0000000,0x00000000e04525f8,0x00000000f2980000)
 Metaspace       used 10632K, capacity 10868K, committed 11008K, reserved 1058816K
  class space    used 1177K, capacity 1257K, committed 1280K, reserved 1048576K
}

